2020-11-28 12:49:26,939 INFO User login URL http://localhost:5000/login
2020-11-28 12:49:26,945 DEBUG Starting new HTTP connection (1): localhost:5000
2020-11-28 12:49:30,491 DEBUG http://localhost:5000 "POST /login HTTP/1.1" 200 109
2020-11-28 12:49:30,495 INFO User with email fb@gmail.comlogged in successfully
2020-11-28 12:50:20,511 DEBUG Starting new HTTP connection (1): localhost:5000
2020-11-28 12:50:22,562 DEBUG http://localhost:5000 "GET /logout HTTP/1.1" 200 3
2020-11-28 13:01:17,196 DEBUG Starting new HTTP connection (1): localhost:5000
2020-11-28 13:01:20,385 DEBUG http://localhost:5000 "POST /login HTTP/1.1" 200 109
2020-11-28 13:01:20,389 INFO User with email fb@gmail.comlogged in successfully
2020-11-28 13:01:30,011 DEBUG Starting new HTTP connection (1): localhost:5000
2020-11-28 13:01:32,127 DEBUG http://localhost:5000 "GET /company/a HTTP/1.1" 400 28
2020-11-28 13:03:56,854 DEBUG Starting new HTTP connection (1): localhost:5000
2020-11-28 13:03:58,879 DEBUG http://localhost:5000 "GET /company/a HTTP/1.1" 400 28
2020-11-28 13:04:09,342 DEBUG Starting new HTTP connection (1): localhost:5000
2020-11-28 13:04:11,371 DEBUG http://localhost:5000 "GET /company/a HTTP/1.1" 400 28
2020-11-28 13:34:32,085 DEBUG Starting new HTTP connection (1): localhost:5000
2020-11-28 13:34:35,064 DEBUG http://localhost:5000 "POST /login HTTP/1.1" 200 109
2020-11-28 13:34:35,066 INFO User with email fb@gmail.comlogged in successfully
2020-11-28 13:34:37,831 INFO Getting all companies
2020-11-28 13:34:37,833 DEBUG Starting new HTTP connection (1): localhost:5000
2020-11-28 13:34:40,605 DEBUG http://localhost:5000 "GET /companies HTTP/1.1" 200 733
2020-11-28 13:35:54,309 DEBUG Starting new HTTP connection (1): localhost:5000
2020-11-28 13:35:57,288 DEBUG http://localhost:5000 "POST /login HTTP/1.1" 200 109
2020-11-28 13:35:57,290 INFO User with email fb@gmail.comlogged in successfully
2020-11-28 13:36:10,681 INFO Getting company with code AAPL
2020-11-28 13:36:10,682 DEBUG Starting new HTTP connection (1): localhost:5000
2020-11-28 13:36:13,499 DEBUG http://localhost:5000 "GET /company/code/AAPL HTTP/1.1" 200 127
2020-11-28 13:36:13,500 DEBUG Starting new HTTP connection (1): localhost:5000
2020-11-28 13:36:16,541 DEBUG http://localhost:5000 "GET /company/3/stock HTTP/1.1" 200 223
2020-11-28 13:38:50,355 INFO Getting company with code AAPL
2020-11-28 13:38:50,356 DEBUG Starting new HTTP connection (1): localhost:5000
2020-11-28 13:38:53,137 DEBUG http://localhost:5000 "GET /company/code/AAPL HTTP/1.1" 200 127
2020-11-28 13:38:53,138 DEBUG Starting new HTTP connection (1): localhost:5000
2020-11-28 13:38:55,830 DEBUG http://localhost:5000 "GET /company/3/stock HTTP/1.1" 200 223
2020-11-28 13:41:10,385 INFO Getting company with code AAPL
2020-11-28 13:41:10,386 DEBUG Starting new HTTP connection (1): localhost:5000
2020-11-28 13:41:13,135 DEBUG http://localhost:5000 "GET /company/code/AAPL HTTP/1.1" 200 127
2020-11-28 13:41:13,139 DEBUG Starting new HTTP connection (1): localhost:5000
2020-11-28 13:41:15,863 DEBUG http://localhost:5000 "GET /company/3/stock HTTP/1.1" 200 205
2020-11-28 16:09:50,978 DEBUG Starting new HTTP connection (1): localhost:5000
2020-11-28 16:09:53,051 DEBUG http://localhost:5000 "GET /logout HTTP/1.1" 200 3
2020-11-28 16:10:28,572 DEBUG Starting new HTTP connection (1): localhost:5000
2020-11-28 16:10:31,611 DEBUG http://localhost:5000 "POST /login HTTP/1.1" 200 109
2020-11-28 16:10:31,612 INFO User with email fb@gmail.comlogged in successfully
2020-11-28 16:11:18,598 INFO Getting all companies
2020-11-28 16:11:18,599 DEBUG Starting new HTTP connection (1): localhost:5000
2020-11-28 16:11:21,323 DEBUG http://localhost:5000 "GET /companies HTTP/1.1" 200 733
2020-11-28 16:12:00,148 INFO Getting all stocks
2020-11-28 16:12:00,149 DEBUG Starting new HTTP connection (1): localhost:5000
2020-11-28 16:12:02,894 DEBUG http://localhost:5000 "GET /stocks HTTP/1.1" 200 1137
2020-11-28 16:12:32,717 DEBUG Starting new HTTP connection (1): localhost:5000
2020-11-28 16:12:34,776 DEBUG http://localhost:5000 "GET /logout HTTP/1.1" 200 3
2020-11-28 16:12:45,469 DEBUG Starting new HTTP connection (1): localhost:5000
2020-11-28 16:12:48,458 DEBUG http://localhost:5000 "POST /login HTTP/1.1" 200 104
2020-11-28 16:12:48,459 INFO User with email new@gmail.comlogged in successfully
2020-11-28 22:14:16,876 DEBUG Starting new HTTP connection (1): localhost:5000
2020-11-28 22:14:31,814 DEBUG Starting new HTTP connection (1): localhost:5000
2020-11-28 22:14:34,828 DEBUG http://localhost:5000 "POST /login HTTP/1.1" 200 109
2020-11-28 22:14:34,829 INFO User with email fb@gmail.comlogged in successfully
2020-11-28 22:14:40,328 DEBUG Starting new HTTP connection (1): localhost:5000
2020-11-28 22:14:42,388 DEBUG http://localhost:5000 "GET /logout HTTP/1.1" 200 3
2020-11-28 22:14:51,116 DEBUG Starting new HTTP connection (1): localhost:5000
2020-11-28 22:14:54,084 DEBUG http://localhost:5000 "POST /login HTTP/1.1" 200 104
2020-11-28 22:14:54,085 INFO User with email new@gmail.comlogged in successfully
2020-11-28 22:14:58,607 DEBUG Starting new HTTP connection (1): localhost:5000
2020-11-28 22:15:01,576 DEBUG http://localhost:5000 "GET /transactions/6 HTTP/1.1" 200 2962
2020-11-28 22:15:24,254 DEBUG Starting new HTTP connection (1): localhost:5000
2020-11-28 22:15:27,250 DEBUG http://localhost:5000 "POST /login HTTP/1.1" 200 104
2020-11-28 22:15:27,251 INFO User with email new@gmail.comlogged in successfully
2020-11-28 22:15:31,078 DEBUG Starting new HTTP connection (1): localhost:5000
2020-11-28 22:15:33,852 DEBUG http://localhost:5000 "GET /transactions/6 HTTP/1.1" 200 2962
2020-11-28 23:33:49,889 DEBUG Starting new HTTP connection (1): localhost:5000
2020-11-28 23:33:52,889 DEBUG http://localhost:5000 "POST /login HTTP/1.1" 200 104
2020-11-28 23:33:52,890 INFO User with email new@gmail.comlogged in successfully
2020-11-28 23:34:56,620 DEBUG Starting new HTTP connection (1): localhost:5000
2020-11-28 23:34:59,630 DEBUG http://localhost:5000 "POST /login HTTP/1.1" 200 104
2020-11-28 23:34:59,632 INFO User with email new@gmail.comlogged in successfully
2020-11-28 23:35:01,633 DEBUG Starting new HTTP connection (1): localhost:5000
2020-11-28 23:35:04,388 DEBUG http://localhost:5000 "GET /transactions/5 HTTP/1.1" 200 3
2020-11-28 23:35:36,716 DEBUG Starting new HTTP connection (1): localhost:5000
2020-11-28 23:35:39,451 DEBUG http://localhost:5000 "GET /user/5/wallet HTTP/1.1" 400 49
2020-11-28 23:35:39,452 ERROR Error Wallet for user does not exists
2020-11-28 23:36:33,658 DEBUG Starting new HTTP connection (1): localhost:5000
2020-11-28 23:36:36,692 DEBUG http://localhost:5000 "POST /login HTTP/1.1" 200 109
2020-11-28 23:36:36,693 INFO User with email fb@gmail.comlogged in successfully
2020-11-28 23:36:57,907 DEBUG Starting new HTTP connection (1): localhost:5000
2020-11-28 23:36:59,928 DEBUG http://localhost:5000 "GET /logout HTTP/1.1" 200 3
2020-11-28 23:40:57,770 DEBUG Starting new HTTP connection (1): localhost:5000
2020-11-28 23:41:00,747 DEBUG http://localhost:5000 "POST /login HTTP/1.1" 200 104
2020-11-28 23:41:00,748 INFO User with email new@gmail.comlogged in successfully
2020-11-28 23:41:04,686 DEBUG Starting new HTTP connection (1): localhost:5000
2020-11-28 23:41:08,886 DEBUG http://localhost:5000 "POST /wallet HTTP/1.1" 200 54
2020-11-28 23:41:10,836 DEBUG Starting new HTTP connection (1): localhost:5000
2020-11-28 23:41:13,631 DEBUG http://localhost:5000 "POST /wallet HTTP/1.1" 400 48
2020-11-28 23:41:19,695 DEBUG Starting new HTTP connection (1): localhost:5000
2020-11-28 23:41:22,459 DEBUG http://localhost:5000 "GET /user/5/wallet HTTP/1.1" 200 54
2020-11-28 23:41:35,877 DEBUG Starting new HTTP connection (1): localhost:5000
2020-11-28 23:41:39,645 DEBUG http://localhost:5000 "POST /deposit HTTP/1.1" 200 59
2020-11-28 23:41:44,053 DEBUG Starting new HTTP connection (1): localhost:5000
2020-11-28 23:41:46,793 DEBUG http://localhost:5000 "GET /user/5/wallet HTTP/1.1" 200 56
2020-11-28 23:42:14,967 DEBUG Starting new HTTP connection (1): localhost:5000
2020-11-28 23:42:18,204 DEBUG http://localhost:5000 "POST /buy HTTP/1.1" 200 57
2020-11-28 23:42:25,094 DEBUG Starting new HTTP connection (1): localhost:5000
2020-11-28 23:42:27,850 DEBUG http://localhost:5000 "GET /user/5/wallet HTTP/1.1" 200 55
2020-11-28 23:42:35,817 INFO Getting all stocks
2020-11-28 23:42:35,819 DEBUG Starting new HTTP connection (1): localhost:5000
2020-11-28 23:42:38,551 DEBUG http://localhost:5000 "GET /stocks HTTP/1.1" 200 1135
2020-11-28 23:43:15,374 DEBUG Starting new HTTP connection (1): localhost:5000
2020-11-28 23:43:18,722 DEBUG http://localhost:5000 "POST /sell HTTP/1.1" 200 59
2020-11-28 23:43:23,290 DEBUG Starting new HTTP connection (1): localhost:5000
2020-11-28 23:43:26,026 DEBUG http://localhost:5000 "GET /user/5/wallet HTTP/1.1" 200 55
2020-11-28 23:44:34,844 INFO Getting all stocks
2020-11-28 23:44:34,845 DEBUG Starting new HTTP connection (1): localhost:5000
2020-11-28 23:44:37,591 DEBUG http://localhost:5000 "GET /stocks HTTP/1.1" 200 1135
2020-11-28 23:47:14,541 DEBUG Starting new HTTP connection (1): localhost:5000
2020-11-28 23:47:17,787 DEBUG http://localhost:5000 "POST /sell HTTP/1.1" 200 59
2020-11-28 23:48:38,479 DEBUG Starting new HTTP connection (1): localhost:5000
2020-11-28 23:48:41,796 DEBUG http://localhost:5000 "POST /buy HTTP/1.1" 200 57
2020-11-28 23:51:58,146 DEBUG Starting new HTTP connection (1): localhost:5000
2020-11-28 23:52:01,279 DEBUG http://localhost:5000 "POST /login HTTP/1.1" 200 104
2020-11-28 23:52:01,280 INFO User with email new@gmail.comlogged in successfully
2020-11-28 23:52:10,538 DEBUG Starting new HTTP connection (1): localhost:5000
2020-11-28 23:52:13,819 DEBUG http://localhost:5000 "POST /sell HTTP/1.1" 200 59
2020-11-28 23:52:22,664 DEBUG Starting new HTTP connection (1): localhost:5000
2020-11-28 23:52:25,394 DEBUG http://localhost:5000 "GET /user/5/wallet HTTP/1.1" 200 55
2020-11-29 11:17:01,616 DEBUG Starting new HTTP connection (1): localhost:5000
2020-11-29 11:17:05,056 DEBUG http://localhost:5000 "POST /login HTTP/1.1" 200 104
2020-11-29 11:17:05,058 INFO User with email new@gmail.comlogged in successfully
2020-11-29 11:17:33,856 DEBUG Starting new HTTP connection (1): localhost:5000
2020-11-29 11:17:36,615 DEBUG http://localhost:5000 "GET /user/5/wallet HTTP/1.1" 200 55
2020-11-29 11:17:50,475 DEBUG Starting new HTTP connection (1): localhost:5000
2020-11-29 11:17:54,257 DEBUG http://localhost:5000 "POST /deposit HTTP/1.1" 200 59
2020-11-29 11:17:56,901 DEBUG Starting new HTTP connection (1): localhost:5000
2020-11-29 11:17:59,659 DEBUG http://localhost:5000 "GET /user/5/wallet HTTP/1.1" 200 56
2020-11-29 11:18:12,823 DEBUG Starting new HTTP connection (1): localhost:5000
2020-11-29 11:18:16,266 DEBUG http://localhost:5000 "POST /buy HTTP/1.1" 200 57
2020-11-29 11:18:20,874 DEBUG Starting new HTTP connection (1): localhost:5000
2020-11-29 11:18:23,618 DEBUG http://localhost:5000 "GET /user/5/wallet HTTP/1.1" 200 55
2020-11-29 11:18:47,202 DEBUG Starting new HTTP connection (1): localhost:5000
2020-11-29 11:18:51,508 DEBUG http://localhost:5000 "POST /sell HTTP/1.1" 200 59
2020-11-29 11:19:04,850 DEBUG Starting new HTTP connection (1): localhost:5000
2020-11-29 11:19:07,647 DEBUG http://localhost:5000 "GET /user/5/wallet HTTP/1.1" 200 55
2020-11-29 11:19:14,809 DEBUG Starting new HTTP connection (1): localhost:5000
2020-11-29 11:19:20,387 DEBUG http://localhost:5000 "POST /withdraw HTTP/1.1" 200 60
2020-11-29 11:19:23,255 DEBUG Starting new HTTP connection (1): localhost:5000
2020-11-29 11:19:26,048 DEBUG http://localhost:5000 "GET /user/5/wallet HTTP/1.1" 200 55
2020-11-29 11:35:54,473 DEBUG Starting new HTTP connection (1): localhost:5000
2020-11-29 11:35:56,495 DEBUG http://localhost:5000 "GET /logout HTTP/1.1" 200 3
2020-11-29 11:36:04,515 DEBUG Starting new HTTP connection (1): localhost:5000
2020-11-29 11:36:07,994 DEBUG http://localhost:5000 "POST /login HTTP/1.1" 401 39
2020-11-29 11:36:16,832 DEBUG Starting new HTTP connection (1): localhost:5000
2020-11-29 11:36:20,306 DEBUG http://localhost:5000 "POST /login HTTP/1.1" 200 104
2020-11-29 11:36:20,307 INFO User with email new@gmail.comlogged in successfully
2020-11-29 11:36:30,410 DEBUG Starting new HTTP connection (1): localhost:5000
2020-11-29 11:36:33,180 DEBUG http://localhost:5000 "GET /portfolio/5 HTTP/1.1" 200 209
2020-11-29 11:36:44,469 DEBUG Starting new HTTP connection (1): localhost:5000
2020-11-29 11:36:47,224 DEBUG http://localhost:5000 "GET /transactions/5 HTTP/1.1" 200 3858
2020-11-29 12:03:19,569 DEBUG Starting new HTTP connection (1): localhost:5000
2020-11-29 12:03:21,600 DEBUG http://localhost:5000 "GET /logout HTTP/1.1" 200 3
2020-11-29 16:38:00,106 DEBUG Starting new HTTP connection (1): localhost:5000
2020-11-29 16:39:12,880 DEBUG Starting new HTTP connection (1): localhost:5000
2020-11-29 16:39:15,880 DEBUG http://localhost:5000 "POST /login HTTP/1.1" 200 106
2020-11-29 16:39:15,881 INFO User with email su@gmail.comlogged in successfully
2020-11-29 17:23:21,779 DEBUG Starting new HTTP connection (1): localhost:5000
2020-11-29 17:23:23,832 DEBUG http://localhost:5000 "GET /logout HTTP/1.1" 200 3
2020-11-29 17:23:36,019 DEBUG Starting new HTTP connection (1): localhost:5000
2020-11-29 17:23:39,020 DEBUG http://localhost:5000 "POST /login HTTP/1.1" 200 104
2020-11-29 17:23:39,022 INFO User with email fb@gmail.comlogged in successfully
2020-11-29 17:23:43,499 INFO Getting all companies
2020-11-29 17:23:43,500 DEBUG Starting new HTTP connection (1): localhost:5000
2020-11-29 17:23:46,249 DEBUG http://localhost:5000 "GET /companies HTTP/1.1" 200 733
2020-11-29 17:23:50,622 INFO Getting company with ID 1
2020-11-29 17:23:50,623 DEBUG Starting new HTTP connection (1): localhost:5000
2020-11-29 17:23:53,422 DEBUG http://localhost:5000 "GET /company/1 HTTP/1.1" 200 145
2020-11-29 17:23:53,426 DEBUG Starting new HTTP connection (1): localhost:5000
2020-11-29 17:23:56,166 DEBUG http://localhost:5000 "GET /company/1/stock HTTP/1.1" 200 221
2020-11-29 17:24:08,275 INFO Getting company with code goog
2020-11-29 17:24:08,276 DEBUG Starting new HTTP connection (1): localhost:5000
2020-11-29 17:24:11,016 DEBUG http://localhost:5000 "GET /company/code/goog HTTP/1.1" 200 145
2020-11-29 17:24:11,017 DEBUG Starting new HTTP connection (1): localhost:5000
2020-11-29 17:24:13,745 DEBUG http://localhost:5000 "GET /company/1/stock HTTP/1.1" 200 221
2020-11-29 17:24:30,284 INFO Creating company with name linkedin
2020-11-29 17:24:30,285 DEBUG Starting new HTTP connection (1): localhost:5000
2020-11-29 17:24:34,495 DEBUG http://localhost:5000 "POST /company HTTP/1.1" 200 116
2020-11-29 17:24:35,867 INFO Getting all companies
2020-11-29 17:24:35,868 DEBUG Starting new HTTP connection (1): localhost:5000
2020-11-29 17:24:38,621 DEBUG http://localhost:5000 "GET /companies HTTP/1.1" 200 867
2020-11-29 17:24:53,093 INFO Updating the company with ID 8
2020-11-29 17:24:53,094 DEBUG Starting new HTTP connection (1): localhost:5000
2020-11-29 17:24:57,282 DEBUG http://localhost:5000 "PUT /company/8 HTTP/1.1" 200 119
2020-11-29 17:24:58,132 INFO Getting all companies
2020-11-29 17:24:58,133 DEBUG Starting new HTTP connection (1): localhost:5000
2020-11-29 17:25:00,940 DEBUG http://localhost:5000 "GET /companies HTTP/1.1" 200 870
2020-11-29 17:25:11,365 INFO Getting all stocks
2020-11-29 17:25:11,366 DEBUG Starting new HTTP connection (1): localhost:5000
2020-11-29 17:25:14,162 DEBUG http://localhost:5000 "GET /stocks HTTP/1.1" 200 1152
2020-11-29 17:25:23,043 INFO Getting all stocks
2020-11-29 17:25:23,045 DEBUG Starting new HTTP connection (1): localhost:5000
2020-11-29 17:25:25,784 DEBUG http://localhost:5000 "GET /stocks HTTP/1.1" 200 1152
2020-11-29 17:25:41,781 INFO Getting stock with ID 1
2020-11-29 17:25:41,782 DEBUG Starting new HTTP connection (1): localhost:5000
2020-11-29 17:25:44,533 DEBUG http://localhost:5000 "GET /stock/1 HTTP/1.1" 200 221
2020-11-29 17:26:00,144 INFO Getting stock of company 2
2020-11-29 17:26:00,146 DEBUG Starting new HTTP connection (1): localhost:5000
2020-11-29 17:26:02,895 DEBUG http://localhost:5000 "GET /company/2/stock HTTP/1.1" 200 193
2020-11-29 17:26:19,212 INFO Getting company with ID 8
2020-11-29 17:26:19,214 DEBUG Starting new HTTP connection (1): localhost:5000
2020-11-29 17:26:23,531 DEBUG http://localhost:5000 "POST /stock HTTP/1.1" 200 191
2020-11-29 17:26:34,042 INFO Getting all stocks
2020-11-29 17:26:34,043 DEBUG Starting new HTTP connection (1): localhost:5000
2020-11-29 17:26:36,792 DEBUG http://localhost:5000 "GET /stocks HTTP/1.1" 200 1367
2020-11-29 17:26:54,911 INFO Updating current price for stock 6
2020-11-29 17:26:59,678 DEBUG Starting new HTTP connection (1): localhost:5000
2020-11-29 17:27:04,212 DEBUG http://localhost:5000 "PUT /stock/6 HTTP/1.1" 200 191
2020-11-29 17:27:05,968 INFO Getting all stocks
2020-11-29 17:27:05,970 DEBUG Starting new HTTP connection (1): localhost:5000
2020-11-29 17:27:08,730 DEBUG http://localhost:5000 "GET /stocks HTTP/1.1" 200 1367
2020-11-29 17:27:25,476 INFO Updating current price for company 8
2020-11-29 17:27:28,096 DEBUG Starting new HTTP connection (1): localhost:5000
2020-11-29 17:27:32,637 DEBUG http://localhost:5000 "PUT /company/8/stock HTTP/1.1" 200 191
2020-11-29 17:27:36,188 DEBUG Starting new HTTP connection (1): localhost:5000
2020-11-29 17:27:38,230 DEBUG http://localhost:5000 "GET /logout HTTP/1.1" 200 3
2020-11-29 17:27:59,868 DEBUG Starting new HTTP connection (1): localhost:5000
2020-11-29 17:28:02,907 DEBUG http://localhost:5000 "POST /login HTTP/1.1" 200 105
2020-11-29 17:28:02,909 INFO User with email fu@gmail.comlogged in successfully
2020-11-29 17:28:09,572 INFO Getting all companies
2020-11-29 17:28:09,574 DEBUG Starting new HTTP connection (1): localhost:5000
2020-11-29 17:28:12,323 DEBUG http://localhost:5000 "GET /companies HTTP/1.1" 200 870
2020-11-29 17:28:20,310 INFO Getting all stocks
2020-11-29 17:28:20,311 DEBUG Starting new HTTP connection (1): localhost:5000
2020-11-29 17:28:23,039 DEBUG http://localhost:5000 "GET /stocks HTTP/1.1" 200 1367
2020-11-29 17:28:34,022 INFO Getting stock price history for stock 6
2020-11-29 17:28:34,023 DEBUG Starting new HTTP connection (1): localhost:5000
2020-11-29 17:28:37,489 DEBUG http://localhost:5000 "GET /stock/6/price_history HTTP/1.1" 200 158
2020-11-29 17:28:55,102 DEBUG Starting new HTTP connection (1): localhost:5000
2020-11-29 17:28:59,305 DEBUG http://localhost:5000 "POST /wallet HTTP/1.1" 200 54
2020-11-29 17:29:01,891 DEBUG Starting new HTTP connection (1): localhost:5000
2020-11-29 17:29:04,631 DEBUG http://localhost:5000 "GET /user/4/wallet HTTP/1.1" 200 54
2020-11-29 17:29:12,293 DEBUG Starting new HTTP connection (1): localhost:5000
2020-11-29 17:29:16,132 DEBUG http://localhost:5000 "POST /deposit HTTP/1.1" 200 59
2020-11-29 17:29:18,163 DEBUG Starting new HTTP connection (1): localhost:5000
2020-11-29 17:29:20,934 DEBUG http://localhost:5000 "GET /user/4/wallet HTTP/1.1" 200 57
2020-11-29 17:29:40,014 DEBUG Starting new HTTP connection (1): localhost:5000
2020-11-29 17:29:43,231 DEBUG http://localhost:5000 "POST /buy HTTP/1.1" 200 57
2020-11-29 17:29:48,017 DEBUG Starting new HTTP connection (1): localhost:5000
2020-11-29 17:29:50,766 DEBUG http://localhost:5000 "GET /user/4/wallet HTTP/1.1" 200 56
2020-11-29 17:30:04,459 DEBUG Starting new HTTP connection (1): localhost:5000
2020-11-29 17:30:07,270 DEBUG http://localhost:5000 "GET /portfolio/4 HTTP/1.1" 200 212
2020-11-29 17:30:27,296 DEBUG Starting new HTTP connection (1): localhost:5000
2020-11-29 17:30:30,548 DEBUG http://localhost:5000 "POST /sell HTTP/1.1" 200 59
2020-11-29 17:30:32,246 DEBUG Starting new HTTP connection (1): localhost:5000
2020-11-29 17:30:34,973 DEBUG http://localhost:5000 "GET /portfolio/4 HTTP/1.1" 200 212
2020-11-29 17:30:49,755 DEBUG Starting new HTTP connection (1): localhost:5000
2020-11-29 17:30:53,530 DEBUG http://localhost:5000 "POST /withdraw HTTP/1.1" 200 60
2020-11-29 17:30:55,309 DEBUG Starting new HTTP connection (1): localhost:5000
2020-11-29 17:30:58,055 DEBUG http://localhost:5000 "GET /user/4/wallet HTTP/1.1" 200 56
2020-11-29 17:31:05,203 DEBUG Starting new HTTP connection (1): localhost:5000
2020-11-29 17:31:07,955 DEBUG http://localhost:5000 "GET /transactions/4 HTTP/1.1" 200 759
2020-11-29 17:31:54,660 DEBUG Starting new HTTP connection (1): localhost:5000
2020-11-29 17:31:56,708 DEBUG http://localhost:5000 "GET /logout HTTP/1.1" 200 3
